# JRE version: OpenJDK Runtime Environment (17.0.6) (build 17.0.6+0-17.0.6b829.9-10027231)
# Java VM: OpenJDK 64-Bit Server VM (17.0.6+0-17.0.6b829.9-10027231, mixed mode, tiered, compressed oops, compressed class ptrs, g1 gc, linux-amd64)
GC Precious Log:
 CPUs: 16 total, 16 available
 Memory: 125G
 Large Page Support: Disabled
 NUMA Support: Disabled
 Compressed Oops: Enabled (32-bit)
 Heap Region Size: 1M
 Heap Min Capacity: 8M
 Heap Initial Capacity: 1536M
 Heap Max Capacity: 1536M
 Pre-touch: Disabled
 Parallel Workers: 13
 Concurrent Workers: 3
 Concurrent Refinement Workers: 13
 Periodic GC: Disabled
Heap:
 garbage-first heap   total 68608K, used 49698K [0x00000000a0000000, 0x0000000100000000)
  region size 1024K, 31 young (31744K), 3 survivors (3072K)
 Metaspace       used 38948K, committed 39296K, reserved 1089536K
  class space    used 5138K, committed 5312K, reserved 1048576K
GC Heap History (12 events):
Event: 0.966 GC heap before
{Heap before GC invocations=0 (full 0):
 garbage-first heap   total 1572864K, used 83968K [0x00000000a0000000, 0x0000000100000000)
  region size 1024K, 76 young (77824K), 0 survivors (0K)
 Metaspace       used 20203K, committed 20480K, reserved 1073152K
  class space    used 2436K, committed 2560K, reserved 1048576K
}
Event: 0.972 GC heap after
{Heap after GC invocations=1 (full 0):
 garbage-first heap   total 1572864K, used 16736K [0x00000000a0000000, 0x0000000100000000)
  region size 1024K, 10 young (10240K), 10 survivors (10240K)
 Metaspace       used 20203K, committed 20480K, reserved 1073152K
  class space    used 2436K, committed 2560K, reserved 1048576K
}
Event: 1.038 GC heap before
{Heap before GC invocations=1 (full 0):
 garbage-first heap   total 1572864K, used 22880K [0x00000000a0000000, 0x0000000100000000)
  region size 1024K, 17 young (17408K), 10 survivors (10240K)
 Metaspace       used 21318K, committed 21504K, reserved 1073152K
  class space    used 2624K, committed 2688K, reserved 1048576K
}
Event: 1.041 GC heap after
{Heap after GC invocations=2 (full 0):
 garbage-first heap   total 1572864K, used 18339K [0x00000000a0000000, 0x0000000100000000)
  region size 1024K, 1 young (1024K), 1 survivors (1024K)
 Metaspace       used 21318K, committed 21504K, reserved 1073152K
  class space    used 2624K, committed 2688K, reserved 1048576K
}
Event: 1.413 GC heap before
{Heap before GC invocations=3 (full 0):
 garbage-first heap   total 68608K, used 54179K [0x00000000a0000000, 0x0000000100000000)
  region size 1024K, 38 young (38912K), 1 survivors (1024K)
 Metaspace       used 27908K, committed 28160K, reserved 1073152K
  class space    used 3722K, committed 3840K, reserved 1048576K
}
Event: 1.415 GC heap after
{Heap after GC invocations=4 (full 0):
 garbage-first heap   total 68608K, used 20171K [0x00000000a0000000, 0x0000000100000000)
  region size 1024K, 3 young (3072K), 3 survivors (3072K)
 Metaspace       used 27908K, committed 28160K, reserved 1073152K
  class space    used 3722K, committed 3840K, reserved 1048576K
}
Event: 1.421 GC heap before
{Heap before GC invocations=4 (full 0):
 garbage-first heap   total 68608K, used 21195K [0x00000000a0000000, 0x0000000100000000)
  region size 1024K, 4 young (4096K), 3 survivors (3072K)
 Metaspace       used 27995K, committed 28288K, reserved 1081344K
  class space    used 3739K, committed 3904K, reserved 1048576K
}
Event: 1.422 GC heap after
{Heap after GC invocations=5 (full 0):
 garbage-first heap   total 68608K, used 20481K [0x00000000a0000000, 0x0000000100000000)
  region size 1024K, 1 young (1024K), 1 survivors (1024K)
 Metaspace       used 27995K, committed 28288K, reserved 1081344K
  class space    used 3739K, committed 3904K, reserved 1048576K
}
Event: 1.678 GC heap before
{Heap before GC invocations=5 (full 0):
 garbage-first heap   total 68608K, used 50177K [0x00000000a0000000, 0x0000000100000000)
  region size 1024K, 31 young (31744K), 1 survivors (1024K)
 Metaspace       used 32446K, committed 32768K, reserved 1081344K
  class space    used 4453K, committed 4608K, reserved 1048576K
}
Event: 1.680 GC heap after
{Heap after GC invocations=6 (full 0):
 garbage-first heap   total 68608K, used 21461K [0x00000000a0000000, 0x0000000100000000)
  region size 1024K, 2 young (2048K), 2 survivors (2048K)
 Metaspace       used 32446K, committed 32768K, reserved 1081344K
  class space    used 4453K, committed 4608K, reserved 1048576K
}
Event: 1.791 GC heap before
{Heap before GC invocations=6 (full 0):
 garbage-first heap   total 68608K, used 29653K [0x00000000a0000000, 0x0000000100000000)
  region size 1024K, 12 young (12288K), 2 survivors (2048K)
 Metaspace       used 35788K, committed 36096K, reserved 1081344K
  class space    used 4758K, committed 4928K, reserved 1048576K
}
Event: 1.793 GC heap after
{Heap after GC invocations=7 (full 0):
 garbage-first heap   total 68608K, used 23074K [0x00000000a0000000, 0x0000000100000000)
  region size 1024K, 3 young (3072K), 3 survivors (3072K)
 Metaspace       used 35788K, committed 36096K, reserved 1081344K
  class space    used 4758K, committed 4928K, reserved 1048576K
}

